<?xml version="1.0" encoding="UTF-8"?>
<!-- Generated by org.testng.reporters.JUnitReportReporter -->
<testsuite hostname="LAPTOP-KOCCQ4NN" name="tests.GoogleSearchTestNGDemo" tests="1" failures="0" timestamp="8 Sep 2020 11:54:30 GMT" time="10.356" errors="0">
  <testcase name="googleSearch" time="10.356" classname="tests.GoogleSearchTestNGDemo"/>
</testsuite> <!-- tests.GoogleSearchTestNGDemo -->
