<?xml version="1.0" encoding="UTF-8"?>
<!-- Generated by org.testng.reporters.JUnitReportReporter -->
<testsuite hostname="LAPTOP-KOCCQ4NN" name="demo.PriorityTest" tests="3" failures="0" timestamp="6 Sep 2020 09:21:33 GMT" time="0.011" errors="0">
  <testcase name="Test1" time="0.001" classname="demo.PriorityTest"/>
  <testcase name="Test2" time="0.009" classname="demo.PriorityTest"/>
  <testcase name="Test3" time="0.001" classname="demo.PriorityTest"/>
</testsuite> <!-- demo.PriorityTest -->
