<?xml version="1.0" encoding="UTF-8"?>
<!-- Generated by org.testng.reporters.JUnitReportReporter -->
<testsuite hostname="LAPTOP-KOCCQ4NN" name="listners.TestNGListnerDemo" tests="3" failures="0" timestamp="6 Sep 2020 11:12:10 GMT" time="0.010" errors="0">
  <testcase name="Test5" time="0.002" classname="listners.TestNGListnerDemo"/>
  <testcase name="Test4" time="0.007" classname="listners.TestNGListnerDemo"/>
  <testcase name="Test6" time="0.001" classname="listners.TestNGListnerDemo"/>
</testsuite> <!-- listners.TestNGListnerDemo -->
