<?xml version="1.0" encoding="UTF-8"?>
<!-- Generated by org.testng.reporters.JUnitReportReporter -->
<testsuite hostname="LAPTOP-KOCCQ4NN" name="tests.GoogleSearchTestNGDemo" tests="1" failures="0" timestamp="17 Aug 2020 08:27:23 GMT" time="15.303" errors="0">
  <testcase name="googleSearch" time="15.303" classname="tests.GoogleSearchTestNGDemo"/>
</testsuite> <!-- tests.GoogleSearchTestNGDemo -->
