<?xml version="1.0" encoding="UTF-8"?>
<!-- Generated by org.testng.reporters.JUnitReportReporter -->
<testsuite hostname="LAPTOP-KOCCQ4NN" name="tests.GoogleSearchTestNGDemo" tests="1" failures="0" timestamp="8 Sep 2020 12:18:45 GMT" time="12.736" errors="0">
  <testcase name="googleSearch" time="12.736" classname="tests.GoogleSearchTestNGDemo"/>
</testsuite> <!-- tests.GoogleSearchTestNGDemo -->
