<?xml version="1.0" encoding="UTF-8"?>
<!-- Generated by org.testng.reporters.JUnitReportReporter -->
<testsuite hostname="LAPTOP-KOCCQ4NN" name="demo.MultipleBrowserTest" tests="2" failures="0" timestamp="6 Sep 2020 09:47:34 GMT" time="16.814" errors="0">
  <testcase name="GoogleSearchPage" time="7.930" classname="demo.MultipleBrowserTest"/>
  <testcase name="GoogleSearchPage" time="8.884" classname="demo.MultipleBrowserTest"/>
</testsuite> <!-- demo.MultipleBrowserTest -->
