<?xml version="1.0" encoding="UTF-8"?>
<!-- Generated by org.testng.reporters.JUnitReportReporter -->
<testsuite hostname="LAPTOP-KOCCQ4NN" name="listners.TestNGListnerDemo2" tests="3" failures="0" timestamp="6 Sep 2020 11:12:10 GMT" time="0.003" errors="0">
  <testcase name="Test2" time="0.000" classname="listners.TestNGListnerDemo2"/>
  <testcase name="Test3" time="0.002" classname="listners.TestNGListnerDemo2"/>
  <testcase name="Test1" time="0.001" classname="listners.TestNGListnerDemo2"/>
</testsuite> <!-- listners.TestNGListnerDemo2 -->
