<?xml version="1.0" encoding="UTF-8"?>
<!-- Generated by org.testng.reporters.JUnitReportReporter -->
<testsuite hostname="LAPTOP-KOCCQ4NN" name="tests.GoogleSearchTestNGDemo" tests="1" failures="0" timestamp="6 Sep 2020 09:22:34 GMT" time="15.878" errors="0">
  <testcase name="googleSearch" time="15.878" classname="tests.GoogleSearchTestNGDemo"/>
</testsuite> <!-- tests.GoogleSearchTestNGDemo -->
